This file contains any messages produced by compilers while
running configure, to aid debugging if configure makes a mistake.

It was created by pygoocanvas configure 0.3.0, which was
generated by GNU Autoconf 2.59.  Invocation command line was

  $ ./configure --enable-maintainer-mode --prefix=/usr

## --------- ##
## Platform. ##
## --------- ##

hostname = jupiter
uname -m = i686
uname -r = 2.6.16-gentoo
uname -s = Linux
uname -v = #1 PREEMPT Thu Mar 30 01:00:33 CEST 2006

/usr/bin/uname -p = Intel(R) Pentium(R) 4 CPU 2.40GHz
/bin/uname -X     = unknown

/bin/arch              = i686
/usr/bin/arch -k       = unknown
/usr/convex/getsysinfo = unknown
hostinfo               = unknown
/bin/machine           = unknown
/usr/bin/oslevel       = unknown
/bin/universe          = unknown

PATH: /usr/local/bin
PATH: /usr/bin
PATH: /bin
PATH: /opt/bin
PATH: /usr/i686-pc-linux-gnu/gcc-bin/3.4.6
PATH: /opt/ati/bin
PATH: /opt/blackdown-jdk-1.4.2.03/bin
PATH: /opt/blackdown-jdk-1.4.2.03/jre/bin
PATH: /usr/bin
PATH: /usr/kde/3.5/bin
PATH: /usr/qt/3/bin


## ----------- ##
## Core tests. ##
## ----------- ##

configure:1615: checking for a BSD-compatible install
configure:1670: result: /usr/bin/install -c
configure:1681: checking whether build environment is sane
configure:1724: result: yes
configure:1789: checking for gawk
configure:1805: found /usr/bin/gawk
configure:1815: result: gawk
configure:1825: checking whether make sets $(MAKE)
configure:1845: result: yes
configure:2022: checking build system type
configure:2040: result: i686-pc-linux-gnu
configure:2048: checking host system type
configure:2062: result: i686-pc-linux-gnu
configure:2070: checking for some Win32 platform
configure:2080: result: no
configure:2093: checking for native Win32
configure:2103: result: no
configure:2203: checking for style of include used by make
configure:2231: result: GNU
configure:2302: checking for gcc
configure:2318: found /usr/bin/gcc
configure:2328: result: gcc
configure:2572: checking for C compiler version
configure:2575: gcc --version </dev/null >&5
gcc (GCC) 3.4.6 (Gentoo 3.4.6-r1, ssp-3.4.5-1.0, pie-8.7.9)
Copyright (C) 2006 Free Software Foundation, Inc.
This is free software; see the source for copying conditions.  There is NO
warranty; not even for MERCHANTABILITY or FITNESS FOR A PARTICULAR PURPOSE.

configure:2578: $? = 0
configure:2580: gcc -v </dev/null >&5
Reading specs from /usr/lib/gcc/i686-pc-linux-gnu/3.4.6/specs
Configured with: /var/tmp/portage/gcc-3.4.6-r1/work/gcc-3.4.6/configure --prefix=/usr --bindir=/usr/i686-pc-linux-gnu/gcc-bin/3.4.6 --includedir=/usr/lib/gcc/i686-pc-linux-gnu/3.4.6/include --datadir=/usr/share/gcc-data/i686-pc-linux-gnu/3.4.6 --mandir=/usr/share/gcc-data/i686-pc-linux-gnu/3.4.6/man --infodir=/usr/share/gcc-data/i686-pc-linux-gnu/3.4.6/info --with-gxx-include-dir=/usr/lib/gcc/i686-pc-linux-gnu/3.4.6/include/g++-v3 --host=i686-pc-linux-gnu --build=i686-pc-linux-gnu --disable-altivec --enable-nls --without-included-gettext --with-system-zlib --disable-checking --disable-werror --disable-libunwind-exceptions --disable-multilib --disable-libgcj --enable-languages=c,c++,f77 --enable-shared --enable-threads=posix --enable-__cxa_atexit --enable-clocale=gnu
Thread model: posix
gcc version 3.4.6 (Gentoo 3.4.6-r1, ssp-3.4.5-1.0, pie-8.7.9)
configure:2583: $? = 0
configure:2585: gcc -V </dev/null >&5
gcc: `-V' option must have argument
configure:2588: $? = 1
configure:2611: checking for C compiler default output file name
configure:2614: gcc    conftest.c  >&5
configure:2617: $? = 0
configure:2663: result: a.out
configure:2668: checking whether the C compiler works
configure:2674: ./a.out
configure:2677: $? = 0
configure:2694: result: yes
configure:2701: checking whether we are cross compiling
configure:2703: result: no
configure:2706: checking for suffix of executables
configure:2708: gcc -o conftest    conftest.c  >&5
configure:2711: $? = 0
configure:2736: result: 
configure:2742: checking for suffix of object files
configure:2763: gcc -c   conftest.c >&5
configure:2766: $? = 0
configure:2788: result: o
configure:2792: checking whether we are using the GNU C compiler
configure:2816: gcc -c   conftest.c >&5
configure:2822: $? = 0
configure:2826: test -z 
			 || test ! -s conftest.err
configure:2829: $? = 0
configure:2832: test -s conftest.o
configure:2835: $? = 0
configure:2848: result: yes
configure:2854: checking whether gcc accepts -g
configure:2875: gcc -c -g  conftest.c >&5
configure:2881: $? = 0
configure:2885: test -z 
			 || test ! -s conftest.err
configure:2888: $? = 0
configure:2891: test -s conftest.o
configure:2894: $? = 0
configure:2905: result: yes
configure:2922: checking for gcc option to accept ANSI C
configure:2992: gcc  -c -g -O2  conftest.c >&5
configure:2998: $? = 0
configure:3002: test -z 
			 || test ! -s conftest.err
configure:3005: $? = 0
configure:3008: test -s conftest.o
configure:3011: $? = 0
configure:3029: result: none needed
configure:3047: gcc -c -g -O2  conftest.c >&5
conftest.c:2: error: syntax error before "me"
configure:3053: $? = 1
configure: failed program was:
| #ifndef __cplusplus
|   choke me
| #endif
configure:3188: checking dependency style of gcc
configure:3278: result: gcc3
configure:3295: checking for a sed that does not truncate output
configure:3349: result: /usr/bin/sed
configure:3352: checking for egrep
configure:3362: result: grep -E
configure:3378: checking for ld used by gcc
configure:3445: result: /usr/i686-pc-linux-gnu/bin/ld
configure:3454: checking if the linker (/usr/i686-pc-linux-gnu/bin/ld) is GNU ld
configure:3469: result: yes
configure:3474: checking for /usr/i686-pc-linux-gnu/bin/ld option to reload object files
configure:3481: result: -r
configure:3499: checking for BSD-compatible nm
configure:3548: result: /usr/bin/nm -B
configure:3552: checking whether ln -s works
configure:3556: result: yes
configure:3563: checking how to recognise dependent libraries
configure:3739: result: pass_all
configure:4218: checking how to run the C preprocessor
configure:4253: gcc -E  conftest.c
configure:4259: $? = 0
configure:4291: gcc -E  conftest.c
conftest.c:14:28: ac_nonexistent.h: No such file or directory
configure:4297: $? = 1
configure: failed program was:
| /* confdefs.h.  */
| 
| #define PACKAGE_NAME "pygoocanvas"
| #define PACKAGE_TARNAME "pygoocanvas"
| #define PACKAGE_VERSION "0.3.0"
| #define PACKAGE_STRING "pygoocanvas 0.3.0"
| #define PACKAGE_BUGREPORT "http://www.dachaplin.dsl.pipex.com/goocanvas/"
| #define PYGOOCANVAS_MAJOR_VERSION 0
| #define PYGOOCANVAS_MINOR_VERSION 3
| #define PYGOOCANVAS_MICRO_VERSION 0
| #define PACKAGE "pygoocanvas"
| #define VERSION "0.3.0"
| /* end confdefs.h.  */
| #include <ac_nonexistent.h>
configure:4336: result: gcc -E
configure:4360: gcc -E  conftest.c
configure:4366: $? = 0
configure:4398: gcc -E  conftest.c
conftest.c:14:28: ac_nonexistent.h: No such file or directory
configure:4404: $? = 1
configure: failed program was:
| /* confdefs.h.  */
| 
| #define PACKAGE_NAME "pygoocanvas"
| #define PACKAGE_TARNAME "pygoocanvas"
| #define PACKAGE_VERSION "0.3.0"
| #define PACKAGE_STRING "pygoocanvas 0.3.0"
| #define PACKAGE_BUGREPORT "http://www.dachaplin.dsl.pipex.com/goocanvas/"
| #define PYGOOCANVAS_MAJOR_VERSION 0
| #define PYGOOCANVAS_MINOR_VERSION 3
| #define PYGOOCANVAS_MICRO_VERSION 0
| #define PACKAGE "pygoocanvas"
| #define VERSION "0.3.0"
| /* end confdefs.h.  */
| #include <ac_nonexistent.h>
configure:4448: checking for ANSI C header files
configure:4473: gcc -c -g -O2  conftest.c >&5
configure:4479: $? = 0
configure:4483: test -z 
			 || test ! -s conftest.err
configure:4486: $? = 0
configure:4489: test -s conftest.o
configure:4492: $? = 0
configure:4581: gcc -o conftest -g -O2   conftest.c  >&5
configure:4584: $? = 0
configure:4586: ./conftest
configure:4589: $? = 0
configure:4604: result: yes
configure:4628: checking for sys/types.h
configure:4644: gcc -c -g -O2  conftest.c >&5
configure:4650: $? = 0
configure:4654: test -z 
			 || test ! -s conftest.err
configure:4657: $? = 0
configure:4660: test -s conftest.o
configure:4663: $? = 0
configure:4674: result: yes
configure:4628: checking for sys/stat.h
configure:4644: gcc -c -g -O2  conftest.c >&5
configure:4650: $? = 0
configure:4654: test -z 
			 || test ! -s conftest.err
configure:4657: $? = 0
configure:4660: test -s conftest.o
configure:4663: $? = 0
configure:4674: result: yes
configure:4628: checking for stdlib.h
configure:4644: gcc -c -g -O2  conftest.c >&5
configure:4650: $? = 0
configure:4654: test -z 
			 || test ! -s conftest.err
configure:4657: $? = 0
configure:4660: test -s conftest.o
configure:4663: $? = 0
configure:4674: result: yes
configure:4628: checking for string.h
configure:4644: gcc -c -g -O2  conftest.c >&5
configure:4650: $? = 0
configure:4654: test -z 
			 || test ! -s conftest.err
configure:4657: $? = 0
configure:4660: test -s conftest.o
configure:4663: $? = 0
configure:4674: result: yes
configure:4628: checking for memory.h
configure:4644: gcc -c -g -O2  conftest.c >&5
configure:4650: $? = 0
configure:4654: test -z 
			 || test ! -s conftest.err
configure:4657: $? = 0
configure:4660: test -s conftest.o
configure:4663: $? = 0
configure:4674: result: yes
configure:4628: checking for strings.h
configure:4644: gcc -c -g -O2  conftest.c >&5
configure:4650: $? = 0
configure:4654: test -z 
			 || test ! -s conftest.err
configure:4657: $? = 0
configure:4660: test -s conftest.o
configure:4663: $? = 0
configure:4674: result: yes
configure:4628: checking for inttypes.h
configure:4644: gcc -c -g -O2  conftest.c >&5
configure:4650: $? = 0
configure:4654: test -z 
			 || test ! -s conftest.err
configure:4657: $? = 0
configure:4660: test -s conftest.o
configure:4663: $? = 0
configure:4674: result: yes
configure:4628: checking for stdint.h
configure:4644: gcc -c -g -O2  conftest.c >&5
configure:4650: $? = 0
configure:4654: test -z 
			 || test ! -s conftest.err
configure:4657: $? = 0
configure:4660: test -s conftest.o
configure:4663: $? = 0
configure:4674: result: yes
configure:4628: checking for unistd.h
configure:4644: gcc -c -g -O2  conftest.c >&5
configure:4650: $? = 0
configure:4654: test -z 
			 || test ! -s conftest.err
configure:4657: $? = 0
configure:4660: test -s conftest.o
configure:4663: $? = 0
configure:4674: result: yes
configure:4700: checking dlfcn.h usability
configure:4712: gcc -c -g -O2  conftest.c >&5
configure:4718: $? = 0
configure:4722: test -z 
			 || test ! -s conftest.err
configure:4725: $? = 0
configure:4728: test -s conftest.o
configure:4731: $? = 0
configure:4741: result: yes
configure:4745: checking dlfcn.h presence
configure:4755: gcc -E  conftest.c
configure:4761: $? = 0
configure:4781: result: yes
configure:4816: checking for dlfcn.h
configure:4823: result: yes
configure:4888: checking for g++
configure:4904: found /usr/bin/g++
configure:4914: result: g++
configure:4930: checking for C++ compiler version
configure:4933: g++ --version </dev/null >&5
g++ (GCC) 3.4.6 (Gentoo 3.4.6-r1, ssp-3.4.5-1.0, pie-8.7.9)
Copyright (C) 2006 Free Software Foundation, Inc.
This is free software; see the source for copying conditions.  There is NO
warranty; not even for MERCHANTABILITY or FITNESS FOR A PARTICULAR PURPOSE.

configure:4936: $? = 0
configure:4938: g++ -v </dev/null >&5
Reading specs from /usr/lib/gcc/i686-pc-linux-gnu/3.4.6/specs
Configured with: /var/tmp/portage/gcc-3.4.6-r1/work/gcc-3.4.6/configure --prefix=/usr --bindir=/usr/i686-pc-linux-gnu/gcc-bin/3.4.6 --includedir=/usr/lib/gcc/i686-pc-linux-gnu/3.4.6/include --datadir=/usr/share/gcc-data/i686-pc-linux-gnu/3.4.6 --mandir=/usr/share/gcc-data/i686-pc-linux-gnu/3.4.6/man --infodir=/usr/share/gcc-data/i686-pc-linux-gnu/3.4.6/info --with-gxx-include-dir=/usr/lib/gcc/i686-pc-linux-gnu/3.4.6/include/g++-v3 --host=i686-pc-linux-gnu --build=i686-pc-linux-gnu --disable-altivec --enable-nls --without-included-gettext --with-system-zlib --disable-checking --disable-werror --disable-libunwind-exceptions --disable-multilib --disable-libgcj --enable-languages=c,c++,f77 --enable-shared --enable-threads=posix --enable-__cxa_atexit --enable-clocale=gnu
Thread model: posix
gcc version 3.4.6 (Gentoo 3.4.6-r1, ssp-3.4.5-1.0, pie-8.7.9)
configure:4941: $? = 0
configure:4943: g++ -V </dev/null >&5
g++: `-V' option must have argument
configure:4946: $? = 1
configure:4949: checking whether we are using the GNU C++ compiler
configure:4973: g++ -c   conftest.cc >&5
configure:4979: $? = 0
configure:4983: test -z 
			 || test ! -s conftest.err
configure:4986: $? = 0
configure:4989: test -s conftest.o
configure:4992: $? = 0
configure:5005: result: yes
configure:5011: checking whether g++ accepts -g
configure:5032: g++ -c -g  conftest.cc >&5
configure:5038: $? = 0
configure:5042: test -z 
			 || test ! -s conftest.err
configure:5045: $? = 0
configure:5048: test -s conftest.o
configure:5051: $? = 0
configure:5062: result: yes
configure:5104: g++ -c -g -O2  conftest.cc >&5
configure:5110: $? = 0
configure:5114: test -z 
			 || test ! -s conftest.err
configure:5117: $? = 0
configure:5120: test -s conftest.o
configure:5123: $? = 0
configure:5149: g++ -c -g -O2  conftest.cc >&5
conftest.cc: In function `int main()':
conftest.cc:29: error: `exit' was not declared in this scope
configure:5155: $? = 1
configure: failed program was:
| /* confdefs.h.  */
| 
| #define PACKAGE_NAME "pygoocanvas"
| #define PACKAGE_TARNAME "pygoocanvas"
| #define PACKAGE_VERSION "0.3.0"
| #define PACKAGE_STRING "pygoocanvas 0.3.0"
| #define PACKAGE_BUGREPORT "http://www.dachaplin.dsl.pipex.com/goocanvas/"
| #define PYGOOCANVAS_MAJOR_VERSION 0
| #define PYGOOCANVAS_MINOR_VERSION 3
| #define PYGOOCANVAS_MICRO_VERSION 0
| #define PACKAGE "pygoocanvas"
| #define VERSION "0.3.0"
| #define STDC_HEADERS 1
| #define HAVE_SYS_TYPES_H 1
| #define HAVE_SYS_STAT_H 1
| #define HAVE_STDLIB_H 1
| #define HAVE_STRING_H 1
| #define HAVE_MEMORY_H 1
| #define HAVE_STRINGS_H 1
| #define HAVE_INTTYPES_H 1
| #define HAVE_STDINT_H 1
| #define HAVE_UNISTD_H 1
| #define HAVE_DLFCN_H 1
| /* end confdefs.h.  */
| 
| int
| main ()
| {
| exit (42);
|   ;
|   return 0;
| }
configure:5104: g++ -c -g -O2  conftest.cc >&5
configure:5110: $? = 0
configure:5114: test -z 
			 || test ! -s conftest.err
configure:5117: $? = 0
configure:5120: test -s conftest.o
configure:5123: $? = 0
configure:5149: g++ -c -g -O2  conftest.cc >&5
configure:5155: $? = 0
configure:5159: test -z 
			 || test ! -s conftest.err
configure:5162: $? = 0
configure:5165: test -s conftest.o
configure:5168: $? = 0
configure:5193: checking dependency style of g++
configure:5283: result: gcc3
configure:5310: checking how to run the C++ preprocessor
configure:5341: g++ -E  conftest.cc
configure:5347: $? = 0
configure:5379: g++ -E  conftest.cc
conftest.cc:28:28: ac_nonexistent.h: No such file or directory
configure:5385: $? = 1
configure: failed program was:
| /* confdefs.h.  */
| 
| #define PACKAGE_NAME "pygoocanvas"
| #define PACKAGE_TARNAME "pygoocanvas"
| #define PACKAGE_VERSION "0.3.0"
| #define PACKAGE_STRING "pygoocanvas 0.3.0"
| #define PACKAGE_BUGREPORT "http://www.dachaplin.dsl.pipex.com/goocanvas/"
| #define PYGOOCANVAS_MAJOR_VERSION 0
| #define PYGOOCANVAS_MINOR_VERSION 3
| #define PYGOOCANVAS_MICRO_VERSION 0
| #define PACKAGE "pygoocanvas"
| #define VERSION "0.3.0"
| #define STDC_HEADERS 1
| #define HAVE_SYS_TYPES_H 1
| #define HAVE_SYS_STAT_H 1
| #define HAVE_STDLIB_H 1
| #define HAVE_STRING_H 1
| #define HAVE_MEMORY_H 1
| #define HAVE_STRINGS_H 1
| #define HAVE_INTTYPES_H 1
| #define HAVE_STDINT_H 1
| #define HAVE_UNISTD_H 1
| #define HAVE_DLFCN_H 1
| #ifdef __cplusplus
| extern "C" void std::exit (int) throw (); using std::exit;
| #endif
| /* end confdefs.h.  */
| #include <ac_nonexistent.h>
configure:5424: result: g++ -E
configure:5448: g++ -E  conftest.cc
configure:5454: $? = 0
configure:5486: g++ -E  conftest.cc
conftest.cc:28:28: ac_nonexistent.h: No such file or directory
configure:5492: $? = 1
configure: failed program was:
| /* confdefs.h.  */
| 
| #define PACKAGE_NAME "pygoocanvas"
| #define PACKAGE_TARNAME "pygoocanvas"
| #define PACKAGE_VERSION "0.3.0"
| #define PACKAGE_STRING "pygoocanvas 0.3.0"
| #define PACKAGE_BUGREPORT "http://www.dachaplin.dsl.pipex.com/goocanvas/"
| #define PYGOOCANVAS_MAJOR_VERSION 0
| #define PYGOOCANVAS_MINOR_VERSION 3
| #define PYGOOCANVAS_MICRO_VERSION 0
| #define PACKAGE "pygoocanvas"
| #define VERSION "0.3.0"
| #define STDC_HEADERS 1
| #define HAVE_SYS_TYPES_H 1
| #define HAVE_SYS_STAT_H 1
| #define HAVE_STDLIB_H 1
| #define HAVE_STRING_H 1
| #define HAVE_MEMORY_H 1
| #define HAVE_STRINGS_H 1
| #define HAVE_INTTYPES_H 1
| #define HAVE_STDINT_H 1
| #define HAVE_UNISTD_H 1
| #define HAVE_DLFCN_H 1
| #ifdef __cplusplus
| extern "C" void std::exit (int) throw (); using std::exit;
| #endif
| /* end confdefs.h.  */
| #include <ac_nonexistent.h>
configure:5589: checking for g77
configure:5605: found /usr/bin/g77
configure:5615: result: g77
configure:5630: checking for Fortran 77 compiler version
configure:5633: g77 --version </dev/null >&5
GNU Fortran (GCC) 3.4.6 (Gentoo 3.4.6-r1, ssp-3.4.5-1.0, pie-8.7.9)
Copyright (C) 2006 Free Software Foundation, Inc.

GNU Fortran comes with NO WARRANTY, to the extent permitted by law.
You may redistribute copies of GNU Fortran
under the terms of the GNU General Public License.
For more information about these matters, see the file named COPYING
or type the command `info -f g77 Copying'.
configure:5636: $? = 0
configure:5638: g77 -v </dev/null >&5
Reading specs from /usr/lib/gcc/i686-pc-linux-gnu/3.4.6/specs
Configured with: /var/tmp/portage/gcc-3.4.6-r1/work/gcc-3.4.6/configure --prefix=/usr --bindir=/usr/i686-pc-linux-gnu/gcc-bin/3.4.6 --includedir=/usr/lib/gcc/i686-pc-linux-gnu/3.4.6/include --datadir=/usr/share/gcc-data/i686-pc-linux-gnu/3.4.6 --mandir=/usr/share/gcc-data/i686-pc-linux-gnu/3.4.6/man --infodir=/usr/share/gcc-data/i686-pc-linux-gnu/3.4.6/info --with-gxx-include-dir=/usr/lib/gcc/i686-pc-linux-gnu/3.4.6/include/g++-v3 --host=i686-pc-linux-gnu --build=i686-pc-linux-gnu --disable-altivec --enable-nls --without-included-gettext --with-system-zlib --disable-checking --disable-werror --disable-libunwind-exceptions --disable-multilib --disable-libgcj --enable-languages=c,c++,f77 --enable-shared --enable-threads=posix --enable-__cxa_atexit --enable-clocale=gnu
Thread model: posix
gcc version 3.4.6 (Gentoo 3.4.6-r1, ssp-3.4.5-1.0, pie-8.7.9)
configure:5641: $? = 0
configure:5643: g77 -V </dev/null >&5
g77: `-V' option must have argument
configure:5646: $? = 1
configure:5654: checking whether we are using the GNU Fortran 77 compiler
configure:5668: g77 -c  conftest.F >&5
configure:5674: $? = 0
configure:5678: test -z 
			 || test ! -s conftest.err
configure:5681: $? = 0
configure:5684: test -s conftest.o
configure:5687: $? = 0
configure:5700: result: yes
configure:5706: checking whether g77 accepts -g
configure:5718: g77 -c -g conftest.f >&5
configure:5724: $? = 0
configure:5728: test -z 
			 || test ! -s conftest.err
configure:5731: $? = 0
configure:5734: test -s conftest.o
configure:5737: $? = 0
configure:5749: result: yes
configure:5779: checking the maximum length of command line arguments
configure:5888: result: 32768
configure:5899: checking command to parse /usr/bin/nm -B output from gcc object
configure:6004: gcc -c -g -O2  conftest.c >&5
configure:6007: $? = 0
configure:6011: /usr/bin/nm -B conftest.o \| sed -n -e 's/^.*[ 	]\([ABCDGIRSTW][ABCDGIRSTW]*\)[ 	][ 	]*\([_A-Za-z][_A-Za-z0-9]*\)$/\1 \2 \2/p' \> conftest.nm
configure:6014: $? = 0
configure:6066: gcc -o conftest -g -O2   conftest.c conftstm.o >&5
configure:6069: $? = 0
configure:6107: result: ok
configure:6111: checking for objdir
configure:6126: result: .libs
configure:6216: checking for ar
configure:6232: found /usr/bin/ar
configure:6243: result: ar
configure:6296: checking for ranlib
configure:6312: found /usr/bin/ranlib
configure:6323: result: ranlib
configure:6376: checking for strip
configure:6392: found /usr/bin/strip
configure:6403: result: strip
configure:6626: checking for correct ltmain.sh version
configure:6676: result: yes
configure:6736: checking if gcc supports -fno-rtti -fno-exceptions
configure:6754: gcc -c -g -O2  -fno-rtti -fno-exceptions conftest.c >&5
cc1: warning: command line option "-fno-rtti" is valid for C++/ObjC++ but not for C
configure:6758: $? = 0
configure:6771: result: no
configure:6786: checking for gcc option to produce PIC
configure:6996: result: -fPIC
configure:7004: checking if gcc PIC flag -fPIC works
configure:7022: gcc -c -g -O2  -fPIC -DPIC conftest.c >&5
configure:7026: $? = 0
configure:7039: result: yes
configure:7067: checking if gcc static flag -static works
configure:7095: result: yes
configure:7105: checking if gcc supports -c -o file.o
configure:7126: gcc -c -g -O2  -o out/conftest2.o conftest.c >&5
configure:7130: $? = 0
configure:7152: result: yes
configure:7178: checking whether the gcc linker (/usr/i686-pc-linux-gnu/bin/ld) supports shared libraries
configure:8136: result: yes
configure:8157: checking whether -lc should be explicitly linked in
configure:8162: gcc -c -g -O2  conftest.c >&5
configure:8165: $? = 0
configure:8180: gcc -shared conftest.o  -v -Wl,-soname -Wl,conftest -o conftest 2\>\&1 \| grep  -lc  \>/dev/null 2\>\&1
configure:8183: $? = 0
configure:8195: result: no
configure:8203: checking dynamic linker characteristics
configure:8828: result: GNU/Linux ld.so
configure:8837: checking how to hardcode library paths into programs
configure:8862: result: immediate
configure:8876: checking whether stripping libraries is possible
configure:8881: result: yes
configure:9715: checking if libtool supports shared libraries
configure:9717: result: yes
configure:9720: checking whether to build shared libraries
configure:9741: result: yes
configure:9744: checking whether to build static libraries
configure:9748: result: no
configure:9840: creating libtool
configure:10428: checking for ld used by g++
configure:10495: result: /usr/i686-pc-linux-gnu/bin/ld
configure:10504: checking if the linker (/usr/i686-pc-linux-gnu/bin/ld) is GNU ld
configure:10519: result: yes
configure:10570: checking whether the g++ linker (/usr/i686-pc-linux-gnu/bin/ld) supports shared libraries
configure:11508: result: yes
configure:11526: g++ -c -g -O2  conftest.cpp >&5
configure:11529: $? = 0
configure:11648: checking for g++ option to produce PIC
configure:11922: result: -fPIC
configure:11930: checking if g++ PIC flag -fPIC works
configure:11948: g++ -c -g -O2  -fPIC -DPIC conftest.cpp >&5
configure:11952: $? = 0
configure:11965: result: yes
configure:11993: checking if g++ static flag -static works
configure:12021: result: yes
configure:12031: checking if g++ supports -c -o file.o
configure:12052: g++ -c -g -O2  -o out/conftest2.o conftest.cpp >&5
configure:12056: $? = 0
configure:12078: result: yes
configure:12104: checking whether the g++ linker (/usr/i686-pc-linux-gnu/bin/ld) supports shared libraries
configure:12129: result: yes
configure:12196: checking dynamic linker characteristics
configure:12821: result: GNU/Linux ld.so
configure:12830: checking how to hardcode library paths into programs
configure:12855: result: immediate
configure:13381: checking if libtool supports shared libraries
configure:13383: result: yes
configure:13386: checking whether to build shared libraries
configure:13406: result: yes
configure:13409: checking whether to build static libraries
configure:13413: result: no
configure:13423: checking for g77 option to produce PIC
configure:13633: result: -fPIC
configure:13641: checking if g77 PIC flag -fPIC works
configure:13659: g77 -c -g -O2 -fPIC conftest.f >&5
configure:13663: $? = 0
configure:13676: result: yes
configure:13704: checking if g77 static flag -static works
configure:13732: result: yes
configure:13742: checking if g77 supports -c -o file.o
configure:13763: g77 -c -g -O2 -o out/conftest2.o conftest.f >&5
configure:13767: $? = 0
configure:13789: result: yes
configure:13815: checking whether the g77 linker (/usr/i686-pc-linux-gnu/bin/ld) supports shared libraries
configure:14753: result: yes
configure:14820: checking dynamic linker characteristics
configure:15445: result: GNU/Linux ld.so
configure:15454: checking how to hardcode library paths into programs
configure:15479: result: immediate
configure:19112: checking for a Python interpreter with version >= 2.2
configure:19127: python -c import sys, string # split strings by '.' and convert to numeric. Append some zeros # because we need at least 4 digits for the hex conversion. minver = map(int, string.split('2.2', '.')) + [0, 0, 0] minverhex = 0 for i in xrange(0, 4): minverhex = (minverhex << 8) + minver[i] sys.exit(sys.hexversion < minverhex)
configure:19130: $? = 0
configure:19137: result: python
configure:19145: checking for python
configure:19163: found /usr/bin/python
configure:19175: result: /usr/bin/python
configure:19194: checking for python version
configure:19201: result: 2.4
configure:19213: checking for python platform
configure:19220: result: linux2
configure:19227: checking for python script directory
configure:19235: result: ${prefix}/lib/python2.4/site-packages
configure:19244: checking for python extension module directory
configure:19252: result: ${exec_prefix}/lib/python2.4/site-packages
configure:19267: checking for headers required to compile python extensions
configure:19286: gcc -E  -I/usr/include/python2.4 conftest.c
configure:19292: $? = 0
configure:19304: result: found
configure:19345: checking for pkg-config
configure:19363: found /usr/bin/pkg-config
configure:19376: result: /usr/bin/pkg-config
configure:19397: checking for GTK+ - version >= 2.8.0
configure:19512: gcc -o conftest -g -O2 -I/usr/include/gtk-2.0 -I/usr/lib/gtk-2.0/include -I/usr/include/atk-1.0 -I/usr/include/cairo -I/usr/include/pango-1.0 -I/usr/include/glib-2.0 -I/usr/lib/glib-2.0/include     conftest.c -lgtk-x11-2.0 -lgdk-x11-2.0 -latk-1.0 -lgdk_pixbuf-2.0 -lm -lpangocairo-1.0 -lpango-1.0 -lcairo -lgobject-2.0 -lgmodule-2.0 -ldl -lglib-2.0    >&5
configure:19515: $? = 0
configure:19517: ./conftest
configure:19520: $? = 0
configure:19538: result: yes (version 2.9.2)
configure:19723: checking pkg-config is at least version 0.9.0
configure:19726: result: yes
configure:19737: checking for PYGTK
configure:19745: $PKG_CONFIG --exists --print-errors "pygtk-2.0 >= 2.8.0"
configure:19748: $? = 0
configure:19763: $PKG_CONFIG --exists --print-errors "pygtk-2.0 >= 2.8.0"
configure:19766: $? = 0
configure:19842: result: yes
configure:19853: checking for GOOCANVAS
configure:19861: $PKG_CONFIG --exists --print-errors "goocanvas >= 0.3"
configure:19864: $? = 0
configure:19879: $PKG_CONFIG --exists --print-errors "goocanvas >= 0.3"
configure:19882: $? = 0
configure:19958: result: yes
configure:19967: checking for PYCAIRO
configure:19975: $PKG_CONFIG --exists --print-errors "pycairo >= 0.5.0"
configure:19978: $? = 0
configure:19993: $PKG_CONFIG --exists --print-errors "pycairo >= 0.5.0"
configure:19996: $? = 0
configure:20072: result: yes
configure:20078: checking for codegen
configure:20082: result: yes
configure:20350: creating ./config.status

## ---------------------- ##
## Running config.status. ##
## ---------------------- ##

This file was extended by pygoocanvas config.status 0.3.0, which was
generated by GNU Autoconf 2.59.  Invocation command line was

  CONFIG_FILES    = 
  CONFIG_HEADERS  = 
  CONFIG_LINKS    = 
  CONFIG_COMMANDS = 
  $ ./config.status 

on jupiter

config.status:752: creating Makefile
config.status:856: creating config.h
config.status:970: config.h is unchanged
config.status:1150: executing depfiles commands

## ---------------- ##
## Cache variables. ##
## ---------------- ##

ac_cv_build=i686-pc-linux-gnu
ac_cv_build_alias=i686-pc-linux-gnu
ac_cv_c_compiler_gnu=yes
ac_cv_cxx_compiler_gnu=yes
ac_cv_env_CC_set=
ac_cv_env_CC_value=
ac_cv_env_CFLAGS_set=
ac_cv_env_CFLAGS_value=
ac_cv_env_CPPFLAGS_set=
ac_cv_env_CPPFLAGS_value=
ac_cv_env_CPP_set=
ac_cv_env_CPP_value=
ac_cv_env_CXXCPP_set=
ac_cv_env_CXXCPP_value=
ac_cv_env_CXXFLAGS_set=
ac_cv_env_CXXFLAGS_value=
ac_cv_env_CXX_set=
ac_cv_env_CXX_value=
ac_cv_env_F77_set=
ac_cv_env_F77_value=
ac_cv_env_FFLAGS_set=
ac_cv_env_FFLAGS_value=
ac_cv_env_GOOCANVAS_CFLAGS_set=
ac_cv_env_GOOCANVAS_CFLAGS_value=
ac_cv_env_GOOCANVAS_LIBS_set=
ac_cv_env_GOOCANVAS_LIBS_value=
ac_cv_env_LDFLAGS_set=
ac_cv_env_LDFLAGS_value=
ac_cv_env_PKG_CONFIG_set=
ac_cv_env_PKG_CONFIG_value=
ac_cv_env_PYCAIRO_CFLAGS_set=
ac_cv_env_PYCAIRO_CFLAGS_value=
ac_cv_env_PYCAIRO_LIBS_set=
ac_cv_env_PYCAIRO_LIBS_value=
ac_cv_env_PYGTK_CFLAGS_set=
ac_cv_env_PYGTK_CFLAGS_value=
ac_cv_env_PYGTK_LIBS_set=
ac_cv_env_PYGTK_LIBS_value=
ac_cv_env_build_alias_set=
ac_cv_env_build_alias_value=
ac_cv_env_host_alias_set=
ac_cv_env_host_alias_value=
ac_cv_env_target_alias_set=
ac_cv_env_target_alias_value=
ac_cv_exeext=
ac_cv_f77_compiler_gnu=yes
ac_cv_header_dlfcn_h=yes
ac_cv_header_inttypes_h=yes
ac_cv_header_memory_h=yes
ac_cv_header_stdc=yes
ac_cv_header_stdint_h=yes
ac_cv_header_stdlib_h=yes
ac_cv_header_string_h=yes
ac_cv_header_strings_h=yes
ac_cv_header_sys_stat_h=yes
ac_cv_header_sys_types_h=yes
ac_cv_header_unistd_h=yes
ac_cv_host=i686-pc-linux-gnu
ac_cv_host_alias=i686-pc-linux-gnu
ac_cv_objext=o
ac_cv_path_PKG_CONFIG=/usr/bin/pkg-config
ac_cv_path_PYTHON=/usr/bin/python
ac_cv_path_install='/usr/bin/install -c'
ac_cv_prog_AWK=gawk
ac_cv_prog_CPP='gcc -E'
ac_cv_prog_CXXCPP='g++ -E'
ac_cv_prog_ac_ct_AR=ar
ac_cv_prog_ac_ct_CC=gcc
ac_cv_prog_ac_ct_CXX=g++
ac_cv_prog_ac_ct_F77=g77
ac_cv_prog_ac_ct_RANLIB=ranlib
ac_cv_prog_ac_ct_STRIP=strip
ac_cv_prog_cc_g=yes
ac_cv_prog_cc_stdc=
ac_cv_prog_cxx_g=yes
ac_cv_prog_egrep='grep -E'
ac_cv_prog_f77_g=yes
ac_cv_prog_make_make_set=yes
am_cv_CC_dependencies_compiler_type=gcc3
am_cv_CXX_dependencies_compiler_type=gcc3
am_cv_pathless_PYTHON=python
am_cv_python_platform=linux2
am_cv_python_pyexecdir='${exec_prefix}/lib/python2.4/site-packages'
am_cv_python_pythondir='${prefix}/lib/python2.4/site-packages'
am_cv_python_version=2.4
lt_cv_deplibs_check_method=pass_all
lt_cv_file_magic_cmd='$MAGIC_CMD'
lt_cv_file_magic_test_file=
lt_cv_ld_reload_flag=-r
lt_cv_objdir=.libs
lt_cv_path_LD=/usr/i686-pc-linux-gnu/bin/ld
lt_cv_path_LDCXX=/usr/i686-pc-linux-gnu/bin/ld
lt_cv_path_NM='/usr/bin/nm -B'
lt_cv_path_SED=/usr/bin/sed
lt_cv_prog_compiler_c_o=yes
lt_cv_prog_compiler_c_o_CXX=yes
lt_cv_prog_compiler_c_o_F77=yes
lt_cv_prog_compiler_rtti_exceptions=no
lt_cv_prog_gnu_ld=yes
lt_cv_prog_gnu_ldcxx=yes
lt_cv_sys_global_symbol_pipe='sed -n -e '\''s/^.*[ 	]\([ABCDGIRSTW][ABCDGIRSTW]*\)[ 	][ 	]*\([_A-Za-z][_A-Za-z0-9]*\)$/\1 \2 \2/p'\'''
lt_cv_sys_global_symbol_to_c_name_address='sed -n -e '\''s/^: \([^ ]*\) $/  {\"\1\", (lt_ptr) 0},/p'\'' -e '\''s/^[BCDEGRST] \([^ ]*\) \([^ ]*\)$/  {"\2", (lt_ptr) \&\2},/p'\'''
lt_cv_sys_global_symbol_to_cdecl='sed -n -e '\''s/^. .* \(.*\)$/extern int \1;/p'\'''
lt_cv_sys_max_cmd_len=32768
lt_lt_cv_prog_compiler_c_o='"yes"'
lt_lt_cv_prog_compiler_c_o_CXX='"yes"'
lt_lt_cv_prog_compiler_c_o_F77='"yes"'
lt_lt_cv_sys_global_symbol_pipe='"sed -n -e '\''s/^.*[ 	]\\([ABCDGIRSTW][ABCDGIRSTW]*\\)[ 	][ 	]*\\([_A-Za-z][_A-Za-z0-9]*\\)\$/\\1 \\2 \\2/p'\''"'
lt_lt_cv_sys_global_symbol_to_c_name_address='"sed -n -e '\''s/^: \\([^ ]*\\) \$/  {\\\"\\1\\\", (lt_ptr) 0},/p'\'' -e '\''s/^[BCDEGRST] \\([^ ]*\\) \\([^ ]*\\)\$/  {\"\\2\", (lt_ptr) \\&\\2},/p'\''"'
lt_lt_cv_sys_global_symbol_to_cdecl='"sed -n -e '\''s/^. .* \\(.*\\)\$/extern int \\1;/p'\''"'
pkg_cv_GOOCANVAS_CFLAGS='-I/usr/include/goocanvas-1.0 -I/usr/include/gtk-2.0 -I/usr/include/cairo -I/usr/lib/gtk-2.0/include -I/usr/include/atk-1.0 -I/usr/include/pango-1.0 -I/usr/include/glib-2.0 -I/usr/lib/glib-2.0/include  '
pkg_cv_GOOCANVAS_LIBS='-lgoocanvas -lgtk-x11-2.0 -lgdk-x11-2.0 -latk-1.0 -lgdk_pixbuf-2.0 -lm -lpangocairo-1.0 -lpango-1.0 -lcairo -lgobject-2.0 -lgmodule-2.0 -ldl -lglib-2.0  '
pkg_cv_PYCAIRO_CFLAGS='-I/usr/include/pycairo -I/usr/include/cairo  '
pkg_cv_PYCAIRO_LIBS='-lcairo  '
pkg_cv_PYGTK_CFLAGS='-I/usr/include/pygtk-2.0 -I/usr/include/glib-2.0 -I/usr/lib/glib-2.0/include  '
pkg_cv_PYGTK_LIBS='-lgobject-2.0 -lglib-2.0  '

## ----------------- ##
## Output variables. ##
## ----------------- ##

ACLOCAL='${SHELL} /home/liquid/pygoo/missing --run aclocal-1.9 '
AMDEPBACKSLASH='\'
AMDEP_FALSE='#'
AMDEP_TRUE=''
AMTAR='${SHELL} /home/liquid/pygoo/missing --run tar'
AR='ar'
AS='as'
AUTOCONF='${SHELL} /home/liquid/pygoo/missing --run autoconf'
AUTOHEADER='${SHELL} /home/liquid/pygoo/missing --run autoheader'
AUTOMAKE='${SHELL} /home/liquid/pygoo/missing --run automake-1.9'
AWK='gawk'
CC='gcc'
CCDEPMODE='depmode=gcc3'
CFLAGS='-g -O2'
CODEGEN='/usr/share/pygtk/2.0/codegen/codegen.py'
CPP='gcc -E'
CPPFLAGS=''
CXX='g++'
CXXCPP='g++ -E'
CXXDEPMODE='depmode=gcc3'
CXXFLAGS='-g -O2'
CYGPATH_W='echo'
DEFS='-DHAVE_CONFIG_H'
DEPDIR='.deps'
DLLTOOL='dlltool'
ECHO='echo'
ECHO_C=''
ECHO_N='-n'
ECHO_T=''
EGREP='grep -E'
ENABLE_GTK_DOC_FALSE=''
ENABLE_GTK_DOC_TRUE='#'
EXEEXT=''
F77='g77'
FFLAGS='-g -O2'
GOOCANVAS_CFLAGS='-I/usr/include/goocanvas-1.0 -I/usr/include/gtk-2.0 -I/usr/include/cairo -I/usr/lib/gtk-2.0/include -I/usr/include/atk-1.0 -I/usr/include/pango-1.0 -I/usr/include/glib-2.0 -I/usr/lib/glib-2.0/include  '
GOOCANVAS_LIBS='-lgoocanvas -lgtk-x11-2.0 -lgdk-x11-2.0 -latk-1.0 -lgdk_pixbuf-2.0 -lm -lpangocairo-1.0 -lpango-1.0 -lcairo -lgobject-2.0 -lgmodule-2.0 -ldl -lglib-2.0  '
GTK_CFLAGS='-I/usr/include/gtk-2.0 -I/usr/lib/gtk-2.0/include -I/usr/include/atk-1.0 -I/usr/include/cairo -I/usr/include/pango-1.0 -I/usr/include/glib-2.0 -I/usr/lib/glib-2.0/include  '
GTK_DOC_USE_LIBTOOL_FALSE='#'
GTK_DOC_USE_LIBTOOL_TRUE=''
GTK_LIBS='-lgtk-x11-2.0 -lgdk-x11-2.0 -latk-1.0 -lgdk_pixbuf-2.0 -lm -lpangocairo-1.0 -lpango-1.0 -lcairo -lgobject-2.0 -lgmodule-2.0 -ldl -lglib-2.0'
HTML_DIR='${datadir}/gtk-doc/html'
INSTALL_DATA='${INSTALL} -m 644'
INSTALL_PROGRAM='${INSTALL}'
INSTALL_SCRIPT='${INSTALL}'
INSTALL_STRIP_PROGRAM='${SHELL} $(install_sh) -c -s'
LDFLAGS=''
LIBOBJS=''
LIBS=''
LIBTOOL='$(SHELL) $(top_builddir)/libtool'
LN_S='ln -s'
LTLIBOBJS=''
MAKEINFO='${SHELL} /home/liquid/pygoo/missing --run makeinfo'
OBJDUMP='objdump'
OBJEXT='o'
OS_WIN32_FALSE=''
OS_WIN32_TRUE='#'
PACKAGE='pygoocanvas'
PACKAGE_BUGREPORT='http://www.dachaplin.dsl.pipex.com/goocanvas/'
PACKAGE_NAME='pygoocanvas'
PACKAGE_STRING='pygoocanvas 0.3.0'
PACKAGE_TARNAME='pygoocanvas'
PACKAGE_VERSION='0.3.0'
PATH_SEPARATOR=':'
PKG_CONFIG='/usr/bin/pkg-config'
PLATFORM_WIN32_FALSE=''
PLATFORM_WIN32_TRUE='#'
PYCAIRO_CFLAGS='-I/usr/include/pycairo -I/usr/include/cairo  '
PYCAIRO_DATADIR=''
PYCAIRO_LIBS='-lcairo  '
PYGTK_CFLAGS='-I/usr/include/pygtk-2.0 -I/usr/include/glib-2.0 -I/usr/lib/glib-2.0/include  '
PYGTK_DATADIR='/usr/share'
PYGTK_LIBS='-lgobject-2.0 -lglib-2.0  '
PYTHON='/usr/bin/python'
PYTHON_EXEC_PREFIX='${exec_prefix}'
PYTHON_INCLUDES='-I/usr/include/python2.4'
PYTHON_PLATFORM='linux2'
PYTHON_PREFIX='${prefix}'
PYTHON_VERSION='2.4'
RANLIB='ranlib'
SET_MAKE=''
SHELL='/bin/sh'
STRIP='strip'
VERSION='0.3.0'
ac_ct_AR='ar'
ac_ct_AS=''
ac_ct_CC='gcc'
ac_ct_CXX='g++'
ac_ct_DLLTOOL=''
ac_ct_F77='g77'
ac_ct_OBJDUMP=''
ac_ct_RANLIB='ranlib'
ac_ct_STRIP='strip'
ac_pt_PKG_CONFIG=''
am__fastdepCC_FALSE='#'
am__fastdepCC_TRUE=''
am__fastdepCXX_FALSE='#'
am__fastdepCXX_TRUE=''
am__include='include'
am__leading_dot='.'
am__quote=''
am__tar='${AMTAR} chof - "$$tardir"'
am__untar='${AMTAR} xf -'
bindir='${exec_prefix}/bin'
build='i686-pc-linux-gnu'
build_alias=''
build_cpu='i686'
build_os='linux-gnu'
build_vendor='pc'
datadir='${prefix}/share'
exec_prefix='${prefix}'
host='i686-pc-linux-gnu'
host_alias=''
host_cpu='i686'
host_os='linux-gnu'
host_vendor='pc'
includedir='${prefix}/include'
infodir='${prefix}/info'
install_sh='/home/liquid/pygoo/install-sh'
libdir='${exec_prefix}/lib'
libexecdir='${exec_prefix}/libexec'
localstatedir='${prefix}/var'
mandir='${prefix}/man'
mkdir_p='mkdir -p --'
oldincludedir='/usr/include'
pkgpyexecdir='${pyexecdir}/pygoocanvas'
pkgpythondir='${pythondir}/pygoocanvas'
prefix='/usr'
program_transform_name='s,x,x,'
pyexecdir='${exec_prefix}/lib/python2.4/site-packages'
pythondir='${prefix}/lib/python2.4/site-packages'
sbindir='${exec_prefix}/sbin'
sharedstatedir='${prefix}/com'
sysconfdir='${prefix}/etc'
target_alias=''

## ----------- ##
## confdefs.h. ##
## ----------- ##

#define HAVE_DLFCN_H 1
#define HAVE_INTTYPES_H 1
#define HAVE_MEMORY_H 1
#define HAVE_STDINT_H 1
#define HAVE_STDLIB_H 1
#define HAVE_STRINGS_H 1
#define HAVE_STRING_H 1
#define HAVE_SYS_STAT_H 1
#define HAVE_SYS_TYPES_H 1
#define HAVE_UNISTD_H 1
#define PACKAGE "pygoocanvas"
#define PACKAGE_BUGREPORT "http://www.dachaplin.dsl.pipex.com/goocanvas/"
#define PACKAGE_NAME "pygoocanvas"
#define PACKAGE_STRING "pygoocanvas 0.3.0"
#define PACKAGE_TARNAME "pygoocanvas"
#define PACKAGE_VERSION "0.3.0"
#define PYGOOCANVAS_MAJOR_VERSION 0
#define PYGOOCANVAS_MICRO_VERSION 0
#define PYGOOCANVAS_MINOR_VERSION 3
#define STDC_HEADERS 1
#define VERSION "0.3.0"
#endif
#ifdef __cplusplus
extern "C" void std::exit (int) throw (); using std::exit;

configure: exit 0
